<?xml version="1.0" encoding="UTF-8"?>
<testsuites><testsuite name="The test suite generated by Stagehand_TestRunner" tests="21" assertions="18" failures="4" errors="4" time="0.132602214812"><testsuite name="Stagehand_TestRunner_PHPUnitDataProviderTest" tests="4" assertions="4" failures="1" errors="0" time="0.0246429443359" file="/home/matsu/GITWORK/stagehand-testrunner/examples/Stagehand/TestRunner/PHPUnitDataProviderTest.php"><testsuite name="passWithDataProvider" tests="4" assertions="4" failures="1" errors="0" time="0.0246429443359" file="/home/matsu/GITWORK/stagehand-testrunner/examples/Stagehand/TestRunner/PHPUnitDataProviderTest.php"><testcase name="passWithDataProvider with data set #0" class="Stagehand_TestRunner_PHPUnitDataProviderTest" file="/home/matsu/GITWORK/stagehand-testrunner/examples/Stagehand/TestRunner/PHPUnitDataProviderTest.php" line="82" assertions="1" time="0.00578999519348"/><testcase name="passWithDataProvider with data set #1" class="Stagehand_TestRunner_PHPUnitDataProviderTest" file="/home/matsu/GITWORK/stagehand-testrunner/examples/Stagehand/TestRunner/PHPUnitDataProviderTest.php" line="82" assertions="1" time="0.00555610656738"/><testcase name="passWithDataProvider with data set #2" class="Stagehand_TestRunner_PHPUnitDataProviderTest" file="/home/matsu/GITWORK/stagehand-testrunner/examples/Stagehand/TestRunner/PHPUnitDataProviderTest.php" line="82" assertions="1" time="0.00551199913025"/><testcase name="passWithDataProvider with data set #3" class="Stagehand_TestRunner_PHPUnitDataProviderTest" file="/home/matsu/GITWORK/stagehand-testrunner/examples/Stagehand/TestRunner/PHPUnitDataProviderTest.php" line="82" assertions="1" time="0.00778484344482"><failure type="PHPUnit_Framework_ExpectationFailedException">Stagehand_TestRunner_PHPUnitDataProviderTest::passWithDataProvider with data set #3 (1, 1, 3)

Failed asserting that &lt;integer:2&gt; matches expected &lt;integer:3&gt;.

/home/matsu/GITWORK/stagehand-testrunner/examples/Stagehand/TestRunner/PHPUnitDataProviderTest.php:84
/home/matsu/GITWORK/stagehand-testrunner/src/Stagehand/TestRunner/Runner/PHPUnitRunner.php:135
/home/matsu/GITWORK/stagehand-testrunner/src/Stagehand/TestRunner.php:390
/home/matsu/GITWORK/stagehand-testrunner/src/Stagehand/TestRunner.php:186
/usr/share/php/src/Stagehand/CLIController.php:101
/tmp/com.piece_framework.makegood.launch/phpunitrunner:50
</failure></testcase></testsuite></testsuite><testsuite name="Stagehand_TestRunner_PHPUnitDependsTest" tests="1" assertions="1" failures="1" errors="1" time="0.0056848526001" file="/home/matsu/GITWORK/stagehand-testrunner/examples/Stagehand/TestRunner/PHPUnitDependsTest.php"><testcase name="pass" class="Stagehand_TestRunner_PHPUnitDependsTest" file="/home/matsu/GITWORK/stagehand-testrunner/examples/Stagehand/TestRunner/PHPUnitDependsTest.php" line="83" assertions="1" time="0.0056848526001"><failure type="PHPUnit_Framework_ExpectationFailedException">Stagehand_TestRunner_PHPUnitDependsTest::pass

Failed asserting that &lt;boolean:false&gt; is true.

/home/matsu/GITWORK/stagehand-testrunner/examples/Stagehand/TestRunner/PHPUnitDependsTest.php:85
/home/matsu/GITWORK/stagehand-testrunner/src/Stagehand/TestRunner/Runner/PHPUnitRunner.php:135
/home/matsu/GITWORK/stagehand-testrunner/src/Stagehand/TestRunner.php:390
/home/matsu/GITWORK/stagehand-testrunner/src/Stagehand/TestRunner.php:186
/usr/share/php/src/Stagehand/CLIController.php:101
/tmp/com.piece_framework.makegood.launch/phpunitrunner:50
</failure></testcase><error type="PHPUnit_Framework_SkippedTestError">Skipped Test/home/matsu/GITWORK/stagehand-testrunner/src/Stagehand/TestRunner/Runner/PHPUnitRunner.php:135
/home/matsu/GITWORK/stagehand-testrunner/src/Stagehand/TestRunner.php:390
/home/matsu/GITWORK/stagehand-testrunner/src/Stagehand/TestRunner.php:186
/usr/share/php/src/Stagehand/CLIController.php:101
/tmp/com.piece_framework.makegood.launch/phpunitrunner:50
</error></testsuite><testsuite name="Stagehand_TestRunner_PHPUnitErrorTest" tests="1" assertions="0" failures="0" errors="1" time="0.00704002380371" file="/home/matsu/GITWORK/stagehand-testrunner/examples/Stagehand/TestRunner/PHPUnitErrorTest.php"><testcase name="isError" class="Stagehand_TestRunner_PHPUnitErrorTest" file="/home/matsu/GITWORK/stagehand-testrunner/examples/Stagehand/TestRunner/PHPUnitErrorTest.php" line="83" assertions="0" time="0.00704002380371"><error type="PHPUnit_Framework_Error_Notice">Stagehand_TestRunner_PHPUnitErrorTest::isError

Undefined property: Stagehand_TestRunner_PHPUnitErrorTest::$foo

/home/matsu/GITWORK/stagehand-testrunner/examples/Stagehand/TestRunner/PHPUnitErrorTest.php:85
/home/matsu/GITWORK/stagehand-testrunner/src/Stagehand/TestRunner/Runner/PHPUnitRunner.php:135
/home/matsu/GITWORK/stagehand-testrunner/src/Stagehand/TestRunner.php:390
/home/matsu/GITWORK/stagehand-testrunner/src/Stagehand/TestRunner.php:186
/usr/share/php/src/Stagehand/CLIController.php:101
/tmp/com.piece_framework.makegood.launch/phpunitrunner:50
</error></testcase></testsuite><testsuite name="Stagehand_TestRunner_PHPUnitExtendedTest" tests="2" assertions="2" failures="0" errors="0" time="0.0108380317688" file="/home/matsu/GITWORK/stagehand-testrunner/examples/Stagehand/TestRunner/PHPUnitExtendedTest.php"><testcase name="testTestShouldPassExtended" class="Stagehand_TestRunner_PHPUnitExtendedTest" file="/home/matsu/GITWORK/stagehand-testrunner/examples/Stagehand/TestRunner/PHPUnitExtendedTest.php" line="80" assertions="1" time="0.00541400909424"/><testcase name="testTestShouldPassCommon" class="Stagehand_TestRunner_PHPUnitExtendedTest" file="/home/matsu/GITWORK/stagehand-testrunner/examples/Stagehand/TestRunner/PHPUnitExtendedTest.php" line="80" assertions="1" time="0.00542402267456"/></testsuite><testsuite name="Stagehand_TestRunner_PHPUnitFailureTest" tests="1" assertions="1" failures="1" errors="0" time="0.00679588317871" file="/home/matsu/GITWORK/stagehand-testrunner/examples/Stagehand/TestRunner/PHPUnitFailureTest.php"><testcase name="isFailure" class="Stagehand_TestRunner_PHPUnitFailureTest" file="/home/matsu/GITWORK/stagehand-testrunner/examples/Stagehand/TestRunner/PHPUnitFailureTest.php" line="83" assertions="1" time="0.00679588317871"><failure type="PHPUnit_Framework_ExpectationFailedException">Stagehand_TestRunner_PHPUnitFailureTest::isFailure

This is an error message.
Failed asserting that &lt;boolean:false&gt; is true.

/home/matsu/GITWORK/stagehand-testrunner/examples/Stagehand/TestRunner/PHPUnitFailureTest.php:85
/home/matsu/GITWORK/stagehand-testrunner/src/Stagehand/TestRunner/Runner/PHPUnitRunner.php:135
/home/matsu/GITWORK/stagehand-testrunner/src/Stagehand/TestRunner.php:390
/home/matsu/GITWORK/stagehand-testrunner/src/Stagehand/TestRunner.php:186
/usr/share/php/src/Stagehand/CLIController.php:101
/tmp/com.piece_framework.makegood.launch/phpunitrunner:50
</failure></testcase></testsuite><testsuite name="Stagehand_TestRunner_PHPUnitImcompleteTest" tests="1" assertions="0" failures="0" errors="1" time="0.00685882568359" file="/home/matsu/GITWORK/stagehand-testrunner/examples/Stagehand/TestRunner/PHPUnitIncompleteTest.php"><testcase name="testTestShouldBeImcomplete" class="Stagehand_TestRunner_PHPUnitImcompleteTest" file="/home/matsu/GITWORK/stagehand-testrunner/examples/Stagehand/TestRunner/PHPUnitIncompleteTest.php" line="80" assertions="0" time="0.00685882568359"><error type="PHPUnit_Framework_IncompleteTestError">Incomplete Test/home/matsu/GITWORK/stagehand-testrunner/examples/Stagehand/TestRunner/PHPUnitIncompleteTest.php:82
/home/matsu/GITWORK/stagehand-testrunner/src/Stagehand/TestRunner/Runner/PHPUnitRunner.php:135
/home/matsu/GITWORK/stagehand-testrunner/src/Stagehand/TestRunner.php:390
/home/matsu/GITWORK/stagehand-testrunner/src/Stagehand/TestRunner.php:186
/usr/share/php/src/Stagehand/CLIController.php:101
/tmp/com.piece_framework.makegood.launch/phpunitrunner:50
</error></testcase></testsuite><testsuite name="Stagehand_TestRunner_PHPUnitMultipleClasses1Test" tests="2" assertions="2" failures="0" errors="0" time="0.0124328136444" file="/home/matsu/GITWORK/stagehand-testrunner/examples/Stagehand/TestRunner/PHPUnitMultipleClassesTest.php"><testcase name="pass1" class="Stagehand_TestRunner_PHPUnitMultipleClasses1Test" file="/home/matsu/GITWORK/stagehand-testrunner/examples/Stagehand/TestRunner/PHPUnitMultipleClassesTest.php" line="94" assertions="1" time="0.00657486915588"/><testcase name="pass2" class="Stagehand_TestRunner_PHPUnitMultipleClasses1Test" file="/home/matsu/GITWORK/stagehand-testrunner/examples/Stagehand/TestRunner/PHPUnitMultipleClassesTest.php" line="102" assertions="1" time="0.00585794448853"/></testsuite><testsuite name="Stagehand_TestRunner_PHPUnitMultipleClasses2Test" tests="2" assertions="2" failures="0" errors="0" time="0.0136971473694" file="/home/matsu/GITWORK/stagehand-testrunner/examples/Stagehand/TestRunner/PHPUnitMultipleClassesTest.php"><testcase name="pass1" class="Stagehand_TestRunner_PHPUnitMultipleClasses2Test" file="/home/matsu/GITWORK/stagehand-testrunner/examples/Stagehand/TestRunner/PHPUnitMultipleClassesTest.php" line="166" assertions="1" time="0.00542712211609"/><testcase name="pass2" class="Stagehand_TestRunner_PHPUnitMultipleClasses2Test" file="/home/matsu/GITWORK/stagehand-testrunner/examples/Stagehand/TestRunner/PHPUnitMultipleClassesTest.php" line="174" assertions="1" time="0.0082700252533"/></testsuite><testsuite name="Stagehand_TestRunner_PHPUnitNoTestsTest" tests="1" assertions="0" failures="1" errors="0" time="0.00666189193726" file="/home/matsu/GITWORK/stagehand-testrunner/examples/Stagehand/TestRunner/PHPUnitNoTestsTest.php"><testcase name="Warning" assertions="0" time="0.00666189193726"><failure type="PHPUnit_Framework_AssertionFailedError">Warning

No tests found in class "Stagehand_TestRunner_PHPUnitNoTestsTest".

/home/matsu/GITWORK/stagehand-testrunner/src/Stagehand/TestRunner/Runner/PHPUnitRunner.php:135
/home/matsu/GITWORK/stagehand-testrunner/src/Stagehand/TestRunner.php:390
/home/matsu/GITWORK/stagehand-testrunner/src/Stagehand/TestRunner.php:186
/usr/share/php/src/Stagehand/CLIController.php:101
/tmp/com.piece_framework.makegood.launch/phpunitrunner:50
</failure></testcase></testsuite><testsuite name="Stagehand_TestRunner_PHPUnitPassTest" tests="3" assertions="4" failures="0" errors="0" time="0.0194239616394" file="/home/matsu/GITWORK/stagehand-testrunner/examples/Stagehand/TestRunner/PHPUnitPassTest.php"><testcase name="passWithAnAssertion" class="Stagehand_TestRunner_PHPUnitPassTest" file="/home/matsu/GITWORK/stagehand-testrunner/examples/Stagehand/TestRunner/PHPUnitPassTest.php" line="83" assertions="1" time="0.00742697715759"/><testcase name="passWithMultipleAssertions" class="Stagehand_TestRunner_PHPUnitPassTest" file="/home/matsu/GITWORK/stagehand-testrunner/examples/Stagehand/TestRunner/PHPUnitPassTest.php" line="91" assertions="2" time="0.0054759979248"/><testcase name="日本語を使用できる" class="Stagehand_TestRunner_PHPUnitPassTest" file="/home/matsu/GITWORK/stagehand-testrunner/examples/Stagehand/TestRunner/PHPUnitPassTest.php" line="100" assertions="1" time="0.00652098655701"/></testsuite><testsuite name="Stagehand_TestRunner_PHPUnitSkippedTest" tests="1" assertions="0" failures="0" errors="1" time="0.00597095489502" file="/home/matsu/GITWORK/stagehand-testrunner/examples/Stagehand/TestRunner/PHPUnitSkippedTest.php"><testcase name="testTestShouldBeSkipped" class="Stagehand_TestRunner_PHPUnitSkippedTest" file="/home/matsu/GITWORK/stagehand-testrunner/examples/Stagehand/TestRunner/PHPUnitSkippedTest.php" line="80" assertions="0" time="0.00597095489502"><error type="PHPUnit_Framework_SkippedTestError">Skipped Test/home/matsu/GITWORK/stagehand-testrunner/examples/Stagehand/TestRunner/PHPUnitSkippedTest.php:82
/home/matsu/GITWORK/stagehand-testrunner/src/Stagehand/TestRunner/Runner/PHPUnitRunner.php:135
/home/matsu/GITWORK/stagehand-testrunner/src/Stagehand/TestRunner.php:390
/home/matsu/GITWORK/stagehand-testrunner/src/Stagehand/TestRunner.php:186
/usr/share/php/src/Stagehand/CLIController.php:101
/tmp/com.piece_framework.makegood.launch/phpunitrunner:50
</error></testcase></testsuite><testsuite name="Stagehand_TestRunner_PHPUnitTest1_PHPUnitPassTest" tests="1" assertions="1" failures="0" errors="0" time="0.00710701942444" file="/home/matsu/GITWORK/stagehand-testrunner/examples/Stagehand/TestRunner/PHPUnitTest1/PHPUnitPassTest.php"><testcase name="testTestShouldPass" class="Stagehand_TestRunner_PHPUnitTest1_PHPUnitPassTest" file="/home/matsu/GITWORK/stagehand-testrunner/examples/Stagehand/TestRunner/PHPUnitTest1/PHPUnitPassTest.php" line="80" assertions="1" time="0.00710701942444"/></testsuite><testsuite name="Stagehand_TestRunner_PHPUnitTest2_PHPUnitPassTest" tests="1" assertions="1" failures="0" errors="0" time="0.00544786453247" file="/home/matsu/GITWORK/stagehand-testrunner/examples/Stagehand/TestRunner/PHPUnitTest2/PHPUnitPassTest.php"><testcase name="testTestShouldPass" class="Stagehand_TestRunner_PHPUnitTest2_PHPUnitPassTest" file="/home/matsu/GITWORK/stagehand-testrunner/examples/Stagehand/TestRunner/PHPUnitTest2/PHPUnitPassTest.php" line="80" assertions="1" time="0.00544786453247"/></testsuite></testsuite></testsuites>
