<?xml version="1.0" encoding="UTF-8"?>
<testsuites>
  <testsuite name="tests/Stagehand/TestRunner" tests="9" assertions="8" failures="2" errors="0" time="0.030153">
    <testsuite name="Stagehand_TestRunner_PHPUnitErrorTest" file="/home/iteman/GITREPOS/stagehand-testrunner/tests/Stagehand/TestRunner/PHPUnitErrorTest.php" fullPackage="Stagehand_TestRunner" package="Stagehand_TestRunner" tests="1" assertions="0" failures="0" errors="0" time="0.003933">
      <testcase name="testTestShouldBeError" class="Stagehand_TestRunner_PHPUnitErrorTest" file="/home/iteman/GITREPOS/stagehand-testrunner/tests/Stagehand/TestRunner/PHPUnitErrorTest.php" line="80" assertions="0" time="0.003933"/>
    </testsuite>
    <testsuite name="Stagehand_TestRunner_PHPUnitTest_PHPUnitPassTest" file="/home/iteman/GITREPOS/stagehand-testrunner/tests/Stagehand/TestRunner/PHPUnitTest/PHPUnitPassTest.php" fullPackage="Stagehand_TestRunner" package="Stagehand_TestRunner" tests="1" assertions="1" failures="0" errors="0" time="0.003306">
      <testcase name="testTestShouldPass" class="Stagehand_TestRunner_PHPUnitTest_PHPUnitPassTest" file="/home/iteman/GITREPOS/stagehand-testrunner/tests/Stagehand/TestRunner/PHPUnitTest/PHPUnitPassTest.php" line="80" assertions="1" time="0.003306"/>
    </testsuite>
    <testsuite name="Stagehand_TestRunner_PHPUnitImcompleteTest" file="/home/iteman/GITREPOS/stagehand-testrunner/tests/Stagehand/TestRunner/PHPUnitIncompleteTest.php" fullPackage="Stagehand_TestRunner" package="Stagehand_TestRunner" tests="0" assertions="0" failures="0" errors="0" time="0.000000"/>
    <testsuite name="Stagehand_TestRunner_PHPUnitFailureTest" file="/home/iteman/GITREPOS/stagehand-testrunner/tests/Stagehand/TestRunner/PHPUnitFailureTest.php" fullPackage="Stagehand_TestRunner" package="Stagehand_TestRunner" tests="1" assertions="1" failures="1" errors="0" time="0.003452">
      <testcase name="testTestShouldBeFailure" class="Stagehand_TestRunner_PHPUnitFailureTest" file="/home/iteman/GITREPOS/stagehand-testrunner/tests/Stagehand/TestRunner/PHPUnitFailureTest.php" line="80" assertions="1" time="0.003452">
        <failure type="PHPUnit_Framework_ExpectationFailedException">Stagehand_TestRunner_PHPUnitFailureTest::testTestShouldBeFailure
This is an error message.
Failed asserting that &lt;boolean:false&gt; is true.

/home/iteman/GITREPOS/stagehand-testrunner/tests/Stagehand/TestRunner/PHPUnitFailureTest.php:82
</failure>
      </testcase>
    </testsuite>
    <testsuite name="Stagehand_TestRunner_PHPUnitPassTest" file="/home/iteman/GITREPOS/stagehand-testrunner/tests/Stagehand/TestRunner/PHPUnitPassTest.php" fullPackage="Stagehand_TestRunner" package="Stagehand_TestRunner" tests="3" assertions="3" failures="0" errors="0" time="0.009685">
      <testcase name="testTestShouldPass1" class="Stagehand_TestRunner_PHPUnitPassTest" file="/home/iteman/GITREPOS/stagehand-testrunner/tests/Stagehand/TestRunner/PHPUnitPassTest.php" line="80" assertions="1" time="0.003225"/>
      <testcase name="testTestShouldPass2" class="Stagehand_TestRunner_PHPUnitPassTest" file="/home/iteman/GITREPOS/stagehand-testrunner/tests/Stagehand/TestRunner/PHPUnitPassTest.php" line="85" assertions="1" time="0.003196"/>
      <testcase name="test日本語を使用できること" class="Stagehand_TestRunner_PHPUnitPassTest" file="/home/iteman/GITREPOS/stagehand-testrunner/tests/Stagehand/TestRunner/PHPUnitPassTest.php" line="90" assertions="1" time="0.003264"/>
    </testsuite>
    <testsuite name="Stagehand_TestRunner_PHPUnitNoTestsTest" file="/home/iteman/GITREPOS/stagehand-testrunner/tests/Stagehand/TestRunner/PHPUnitNoTestsTest.php" fullPackage="Stagehand_TestRunner" package="Stagehand_TestRunner" tests="0" assertions="0" failures="0" errors="0" time="0.000000"/>
    <testsuite name="Stagehand_TestRunner_PHPUnitExtendedTest" file="/home/iteman/GITREPOS/stagehand-testrunner/tests/Stagehand/TestRunner/PHPUnitExtendedTest.php" fullPackage="Stagehand_TestRunner" package="Stagehand_TestRunner" tests="2" assertions="2" failures="0" errors="0" time="0.006363">
      <testcase name="testTestShouldPassExtended" class="Stagehand_TestRunner_PHPUnitExtendedTest" file="/home/iteman/GITREPOS/stagehand-testrunner/tests/Stagehand/TestRunner/PHPUnitExtendedTest.php" line="82" assertions="1" time="0.003204"/>
      <testcase name="testTestShouldPassCommon" class="Stagehand_TestRunner_PHPUnitExtendedTest" file="/home/iteman/GITREPOS/stagehand-testrunner/tests/Stagehand/TestRunner/PHPUnitExtendedTest.php" line="80" assertions="1" time="0.003159"/>
    </testsuite>
    <testsuite name="Stagehand_TestRunner_PHPUnitSkippedTest" file="/home/iteman/GITREPOS/stagehand-testrunner/tests/Stagehand/TestRunner/PHPUnitSkippedTest.php" fullPackage="Stagehand_TestRunner" package="Stagehand_TestRunner" tests="0" assertions="0" failures="0" errors="0" time="0.000000"/>
    <testsuite name="Stagehand_TestRunner_PHPUnitDependsTest" file="/home/iteman/GITREPOS/stagehand-testrunner/tests/Stagehand/TestRunner/PHPUnitDependsTest.php" fullPackage="Stagehand_TestRunner" package="Stagehand_TestRunner" tests="1" assertions="1" failures="1" errors="0" time="0.003414">
      <testcase name="pass" class="Stagehand_TestRunner_PHPUnitDependsTest" file="/home/iteman/GITREPOS/stagehand-testrunner/tests/Stagehand/TestRunner/PHPUnitDependsTest.php" line="83" assertions="1" time="0.003414">
        <failure type="PHPUnit_Framework_ExpectationFailedException">Stagehand_TestRunner_PHPUnitDependsTest::pass
Failed asserting that &lt;boolean:false&gt; is true.

/home/iteman/GITREPOS/stagehand-testrunner/tests/Stagehand/TestRunner/PHPUnitDependsTest.php:85
</failure>
      </testcase>
    </testsuite>
  </testsuite>
</testsuites>
